[debug] [2022-11-30T07:52:06.334Z] ----------------------------------------------------------------------
[debug] [2022-11-30T07:52:06.336Z] Command:       C:\Program Files\nodejs\node.exe C:\Users\User\AppData\Roaming\npm\node_modules\firebase-tools\lib\bin\firebase.js deploy
[debug] [2022-11-30T07:52:06.336Z] CLI Version:   11.16.0
[debug] [2022-11-30T07:52:06.336Z] Platform:      win32
[debug] [2022-11-30T07:52:06.336Z] Node Version:  v16.13.1
[debug] [2022-11-30T07:52:06.337Z] Time:          Wed Nov 30 2022 13:52:06 GMT+0600 (Bangladesh Standard Time)
[debug] [2022-11-30T07:52:06.337Z] ----------------------------------------------------------------------
[debug] 
[debug] [2022-11-30T07:52:06.394Z] > command requires scopes: ["email","openid","https://www.googleapis.com/auth/cloudplatformprojects.readonly","https://www.googleapis.com/auth/firebase","https://www.googleapis.com/auth/cloud-platform"]
[debug] [2022-11-30T07:52:06.394Z] > authorizing via signed-in user (sabikonnahar.sr@gmail.com)
[debug] [2022-11-30T07:52:06.394Z] [iam] checking project bytecode-velocity-client for permissions ["firebase.projects.get","firebasehosting.sites.update"]
[debug] [2022-11-30T07:52:06.396Z] >>> [apiv2][query] POST https://cloudresourcemanager.googleapis.com/v1/projects/bytecode-velocity-client:testIamPermissions [none]
[debug] [2022-11-30T07:52:06.396Z] >>> [apiv2][(partial)header] POST https://cloudresourcemanager.googleapis.com/v1/projects/bytecode-velocity-client:testIamPermissions x-goog-quota-user=projects/bytecode-velocity-client
[debug] [2022-11-30T07:52:06.396Z] >>> [apiv2][body] POST https://cloudresourcemanager.googleapis.com/v1/projects/bytecode-velocity-client:testIamPermissions {"permissions":["firebase.projects.get","firebasehosting.sites.update"]}
[debug] [2022-11-30T07:52:06.411Z] [iam] error while checking permissions, command may fail: FirebaseError: Failed to make request to https://cloudresourcemanager.googleapis.com/v1/projects/bytecode-velocity-client:testIamPermissions
[debug] [2022-11-30T07:52:06.412Z] >>> [apiv2][query] GET https://firebase.googleapis.com/v1beta1/projects/bytecode-velocity-client [none]
[debug] [2022-11-30T07:52:06.417Z] Failed to make request to https://firebase.googleapis.com/v1beta1/projects/bytecode-velocity-client
[debug] [2022-11-30T07:52:06.433Z] FirebaseError: Failed to make request to https://firebase.googleapis.com/v1beta1/projects/bytecode-velocity-client
    at RetryOperation._fn (C:\Users\User\AppData\Roaming\npm\node_modules\firebase-tools\lib\apiv2.js:242:31)
    at processTicksAndRejections (node:internal/process/task_queues:96:5)
[error] 
[error] Error: Failed to get Firebase project bytecode-velocity-client. Please make sure the project exists and your account has permission to access it.
